<?xml version="1.0" encoding="UTF-8" standalone="no"?>
<testsuite errors="0" failures="7" name="io.cucumber.core.plugin.JUnitFormatter" skipped="0" tests="24" time="95.747">
    <testcase classname="Buy Factories" name="Gill clicks the cookie button 1 times and buys 1 factories" time="8.237">
        <system-out><![CDATA[* Open Cookie Clicker App...................................................passed
* Cookies have been cleared.................................................passed
Given Gill starts a game....................................................passed
When the cookie is clicked 1 times..........................................passed
And they sell 0 cookies.....................................................passed
And they buy 1 factories....................................................passed
Then the cookie count increases on its own..................................passed
]]></system-out>
    </testcase>
    <testcase classname="Buy Factories" name="Bob clicks the cookie button 5 times and buys 1 factories" time="7.584">
        <system-out><![CDATA[* Open Cookie Clicker App...................................................passed
* Cookies have been cleared.................................................passed
Given Bob starts a game.....................................................passed
When the cookie is clicked 5 times..........................................passed
And they sell 12 cookies....................................................passed
And they buy 1 factories....................................................passed
Then the cookie count increases on its own..................................passed
]]></system-out>
    </testcase>
    <testcase classname="Buy Factories" name="Frank clicks the cookie button 10 times and buys 1 factories" time="7.449">
        <system-out><![CDATA[* Open Cookie Clicker App...................................................passed
* Cookies have been cleared.................................................passed
Given Frank starts a game...................................................passed
When the cookie is clicked 10 times.........................................passed
And they sell 12 cookies....................................................passed
And they buy 1 factories....................................................passed
Then the cookie count increases on its own..................................passed
]]></system-out>
    </testcase>
    <testcase classname="Buy Factories" name="Julie clicks the cookie button 15 times and buys 1 factories" time="6.624">
        <system-out><![CDATA[* Open Cookie Clicker App...................................................passed
* Cookies have been cleared.................................................passed
Given Julie starts a game...................................................passed
When the cookie is clicked 15 times.........................................passed
And they sell 12 cookies....................................................passed
And they buy 1 factories....................................................passed
Then the cookie count increases on its own..................................passed
]]></system-out>
    </testcase>
    <testcase classname="Buy Factories" name="Spencer clicks the cookie button 20 times and buys 2 factories" time="7.536">
        <system-out><![CDATA[* Open Cookie Clicker App...................................................passed
* Cookies have been cleared.................................................passed
Given Spencer starts a game.................................................passed
When the cookie is clicked 20 times.........................................passed
And they sell 12 cookies....................................................passed
And they buy 2 factories....................................................passed
Then the cookie count increases on its own..................................passed
]]></system-out>
    </testcase>
    <testcase classname="Buy Factories" name="Mary clicks the cookie button 25 times and buys 2 factories" time="8.462">
        <system-out><![CDATA[* Open Cookie Clicker App...................................................passed
* Cookies have been cleared.................................................passed
Given Mary starts a game....................................................passed
When the cookie is clicked 25 times.........................................passed
And they sell 24 cookies....................................................passed
And they buy 2 factories....................................................passed
Then the cookie count increases on its own..................................passed
]]></system-out>
    </testcase>
    <testcase classname="Buy Factories" name="Heather clicks the cookie button 30 times and buys -3 factories" time="7.16">
        <failure message="Locator expected not to have text: 0&#10;Received: 0&#10;&#10;Call log:&#10;  - Assert &quot;hasText&quot; with timeout 5000ms&#10;  - waiting for locator(&quot;#factories&quot;).first()&#10;    9 × locator resolved to &lt;span id=&quot;factories&quot;&gt;0&lt;/span&gt;&#10;      - unexpected value &quot;0&quot;" type="org.opentest4j.AssertionFailedError"><![CDATA[* Open Cookie Clicker App...................................................passed
* Cookies have been cleared.................................................passed
Given Heather starts a game.................................................passed
When the cookie is clicked 30 times.........................................passed
And they sell 24 cookies....................................................passed
And they buy -3 factories...................................................failed
Then the cookie count increases on its own..................................skipped

StackTrace:
org.opentest4j.AssertionFailedError: Locator expected not to have text: 0
Received: 0

Call log:
  - Assert "hasText" with timeout 5000ms
  - waiting for locator("#factories").first()
    9 × locator resolved to <span id="factories">0</span>
      - unexpected value "0"
	at com.microsoft.playwright.impl.AssertionsBase.expectImpl(AssertionsBase.java:74)
	at com.microsoft.playwright.impl.AssertionsBase.expectImpl(AssertionsBase.java:50)
	at com.microsoft.playwright.impl.AssertionsBase.expectImpl(AssertionsBase.java:42)
	at com.microsoft.playwright.impl.LocatorAssertionsImpl.hasText(LocatorAssertionsImpl.java:295)
	at com.microsoft.playwright.assertions.LocatorAssertions.hasText(LocatorAssertions.java:1980)
	at org.example.cookieclicker.pages.GamePage.buyCookieFactories(GamePage.java:84)
	at org.example.cookieclicker.steps.Stepdefs.theyBuyFactories(Stepdefs.java:117)
	at ✽.they buy -3 factories(file:///Users/jenny/IdeaProjects/cookie-clicker/src/test/resources/features/BuyFactories.feature:11)
]]></failure>
    </testcase>
    <testcase classname="Buy Factories" name="Jason clicks the cookie button 35 times and buys C factories" time="2.31">
        <failure message="For input string: &quot;C&quot;" type="java.lang.NumberFormatException"><![CDATA[* Open Cookie Clicker App...................................................passed
* Cookies have been cleared.................................................passed
Given Jason starts a game...................................................passed
When the cookie is clicked 35 times.........................................passed
And they sell 24 cookies....................................................passed
And they buy C factories....................................................failed
Then the cookie count increases on its own..................................skipped

StackTrace:
java.lang.NumberFormatException: For input string: "C"
	at java.base/java.lang.NumberFormatException.forInputString(NumberFormatException.java:67)
	at java.base/java.lang.Integer.parseInt(Integer.java:662)
	at java.base/java.lang.Integer.parseInt(Integer.java:778)
	at org.example.cookieclicker.pages.GamePage.buyCookieFactories(GamePage.java:81)
	at org.example.cookieclicker.steps.Stepdefs.theyBuyFactories(Stepdefs.java:117)
	at ✽.they buy C factories(file:///Users/jenny/IdeaProjects/cookie-clicker/src/test/resources/features/BuyFactories.feature:11)
]]></failure>
    </testcase>
    <testcase classname="Cookie Clicker" name="Gill clicks the cookie button 1 times" time="0.732">
        <system-out><![CDATA[* Open Cookie Clicker App...................................................passed
* Cookies have been cleared.................................................passed
Given Gill starts a game....................................................passed
When the cookie is clicked 1 times..........................................passed
Then the cookie count is now 1..............................................passed
]]></system-out>
    </testcase>
    <testcase classname="Cookie Clicker" name="Bob clicks the cookie button 5 times" time="0.817">
        <system-out><![CDATA[* Open Cookie Clicker App...................................................passed
* Cookies have been cleared.................................................passed
Given Bob starts a game.....................................................passed
When the cookie is clicked 5 times..........................................passed
Then the cookie count is now 5..............................................passed
]]></system-out>
    </testcase>
    <testcase classname="Cookie Clicker" name="Frank clicks the cookie button 10 times" time="1.009">
        <system-out><![CDATA[* Open Cookie Clicker App...................................................passed
* Cookies have been cleared.................................................passed
Given Frank starts a game...................................................passed
When the cookie is clicked 10 times.........................................passed
Then the cookie count is now 10.............................................passed
]]></system-out>
    </testcase>
    <testcase classname="Cookie Clicker" name="Julie clicks the cookie button 15 times" time="1.156">
        <system-out><![CDATA[* Open Cookie Clicker App...................................................passed
* Cookies have been cleared.................................................passed
Given Julie starts a game...................................................passed
When the cookie is clicked 15 times.........................................passed
Then the cookie count is now 15.............................................passed
]]></system-out>
    </testcase>
    <testcase classname="Cookie Clicker" name="Spencer clicks the cookie button 20 times" time="1.38">
        <system-out><![CDATA[* Open Cookie Clicker App...................................................passed
* Cookies have been cleared.................................................passed
Given Spencer starts a game.................................................passed
When the cookie is clicked 20 times.........................................passed
Then the cookie count is now 20.............................................passed
]]></system-out>
    </testcase>
    <testcase classname="Cookie Clicker" name="Mary clicks the cookie button 25 times" time="1.513">
        <system-out><![CDATA[* Open Cookie Clicker App...................................................passed
* Cookies have been cleared.................................................passed
Given Mary starts a game....................................................passed
When the cookie is clicked 25 times.........................................passed
Then the cookie count is now 25.............................................passed
]]></system-out>
    </testcase>
    <testcase classname="Cookie Clicker" name="Heather clicks the cookie button 30 times" time="1.73">
        <system-out><![CDATA[* Open Cookie Clicker App...................................................passed
* Cookies have been cleared.................................................passed
Given Heather starts a game.................................................passed
When the cookie is clicked 30 times.........................................passed
Then the cookie count is now 30.............................................passed
]]></system-out>
    </testcase>
    <testcase classname="Cookie Clicker" name="Jason clicks the cookie button 35 times" time="1.847">
        <system-out><![CDATA[* Open Cookie Clicker App...................................................passed
* Cookies have been cleared.................................................passed
Given Jason starts a game...................................................passed
When the cookie is clicked 35 times.........................................passed
Then the cookie count is now 35.............................................passed
]]></system-out>
    </testcase>
    <testcase classname="Sell Cookies" name="Gill clicks the cookie button 1 times and sells 1 cookie(s)" time="5.633">
        <failure message="Locator expected to have text: 0&#10;Received: 1&#10;&#10;Call log:&#10;  - Assert &quot;hasText&quot; with timeout 5000ms&#10;  - waiting for locator(&quot;#cookies&quot;).first()&#10;    9 × locator resolved to &lt;span id=&quot;cookies&quot;&gt;1&lt;/span&gt;&#10;      - unexpected value &quot;1&quot;" type="org.opentest4j.AssertionFailedError"><![CDATA[* Open Cookie Clicker App...................................................passed
* Cookies have been cleared.................................................passed
Given Gill starts a game....................................................passed
When the cookie is clicked 1 times..........................................passed
And they sell 1 cookies.....................................................passed
Then the cookie count has been adjusted.....................................failed
And Money is now 0.25.......................................................skipped

StackTrace:
org.opentest4j.AssertionFailedError: Locator expected to have text: 0
Received: 1

Call log:
  - Assert "hasText" with timeout 5000ms
  - waiting for locator("#cookies").first()
    9 × locator resolved to <span id="cookies">1</span>
      - unexpected value "1"
	at com.microsoft.playwright.impl.AssertionsBase.expectImpl(AssertionsBase.java:74)
	at com.microsoft.playwright.impl.AssertionsBase.expectImpl(AssertionsBase.java:50)
	at com.microsoft.playwright.impl.AssertionsBase.expectImpl(AssertionsBase.java:42)
	at com.microsoft.playwright.impl.LocatorAssertionsImpl.hasText(LocatorAssertionsImpl.java:295)
	at com.microsoft.playwright.assertions.LocatorAssertions.hasText(LocatorAssertions.java:1980)
	at org.example.cookieclicker.pages.GamePage.checkTheCookieTotal(GamePage.java:63)
	at org.example.cookieclicker.steps.Stepdefs.theCookieCountHasBeenAdjusted(Stepdefs.java:107)
	at ✽.the cookie count has been adjusted(file:///Users/jenny/IdeaProjects/cookie-clicker/src/test/resources/features/SellCookies.feature:10)
]]></failure>
    </testcase>
    <testcase classname="Sell Cookies" name="Bob clicks the cookie button 5 times and sells 1 cookie(s)" time="0.866">
        <system-out><![CDATA[* Open Cookie Clicker App...................................................passed
* Cookies have been cleared.................................................passed
Given Bob starts a game.....................................................passed
When the cookie is clicked 5 times..........................................passed
And they sell 1 cookies.....................................................passed
Then the cookie count has been adjusted.....................................passed
And Money is now 0.25.......................................................passed
]]></system-out>
    </testcase>
    <testcase classname="Sell Cookies" name="Frank clicks the cookie button 10 times and sells 2 cookie(s)" time="1.031">
        <system-out><![CDATA[* Open Cookie Clicker App...................................................passed
* Cookies have been cleared.................................................passed
Given Frank starts a game...................................................passed
When the cookie is clicked 10 times.........................................passed
And they sell 2 cookies.....................................................passed
Then the cookie count has been adjusted.....................................passed
And Money is now 0.5........................................................passed
]]></system-out>
    </testcase>
    <testcase classname="Sell Cookies" name="Julie clicks the cookie button 15 times and sells 3 cookie(s)" time="1.217">
        <system-out><![CDATA[* Open Cookie Clicker App...................................................passed
* Cookies have been cleared.................................................passed
Given Julie starts a game...................................................passed
When the cookie is clicked 15 times.........................................passed
And they sell 3 cookies.....................................................passed
Then the cookie count has been adjusted.....................................passed
And Money is now 0.75.......................................................passed
]]></system-out>
    </testcase>
    <testcase classname="Sell Cookies" name="Spencer clicks the cookie button 20 times and sells 4 cookie(s)" time="6.391">
        <failure message="Locator expected to have text: 1.0&#10;Received: 1&#10;&#10;Call log:&#10;  - Assert &quot;hasText&quot; with timeout 5000ms&#10;  - waiting for locator(&quot;#money&quot;).first()&#10;    9 × locator resolved to &lt;span id=&quot;money&quot;&gt;1&lt;/span&gt;&#10;      - unexpected value &quot;1&quot;" type="org.opentest4j.AssertionFailedError"><![CDATA[* Open Cookie Clicker App...................................................passed
* Cookies have been cleared.................................................passed
Given Spencer starts a game.................................................passed
When the cookie is clicked 20 times.........................................passed
And they sell 4 cookies.....................................................passed
Then the cookie count has been adjusted.....................................passed
And Money is now 1.0........................................................failed

StackTrace:
org.opentest4j.AssertionFailedError: Locator expected to have text: 1.0
Received: 1

Call log:
  - Assert "hasText" with timeout 5000ms
  - waiting for locator("#money").first()
    9 × locator resolved to <span id="money">1</span>
      - unexpected value "1"
	at com.microsoft.playwright.impl.AssertionsBase.expectImpl(AssertionsBase.java:74)
	at com.microsoft.playwright.impl.AssertionsBase.expectImpl(AssertionsBase.java:50)
	at com.microsoft.playwright.impl.AssertionsBase.expectImpl(AssertionsBase.java:42)
	at com.microsoft.playwright.impl.LocatorAssertionsImpl.hasText(LocatorAssertionsImpl.java:295)
	at com.microsoft.playwright.assertions.LocatorAssertions.hasText(LocatorAssertions.java:1980)
	at org.example.cookieclicker.pages.GamePage.checkTheMoneyTotal(GamePage.java:75)
	at org.example.cookieclicker.steps.Stepdefs.moneyIsNow(Stepdefs.java:112)
	at ✽.Money is now 1.0(file:///Users/jenny/IdeaProjects/cookie-clicker/src/test/resources/features/SellCookies.feature:11)
]]></failure>
    </testcase>
    <testcase classname="Sell Cookies" name="Mary clicks the cookie button 25 times and sells 26 cookie(s)" time="6.468">
        <failure message="Locator expected to have text: -1&#10;Received: 25&#10;&#10;Call log:&#10;  - Assert &quot;hasText&quot; with timeout 5000ms&#10;  - waiting for locator(&quot;#cookies&quot;).first()&#10;    9 × locator resolved to &lt;span id=&quot;cookies&quot;&gt;25&lt;/span&gt;&#10;      - unexpected value &quot;25&quot;" type="org.opentest4j.AssertionFailedError"><![CDATA[* Open Cookie Clicker App...................................................passed
* Cookies have been cleared.................................................passed
Given Mary starts a game....................................................passed
When the cookie is clicked 25 times.........................................passed
And they sell 26 cookies....................................................passed
Then the cookie count has been adjusted.....................................failed
And Money is now 0.0........................................................skipped

StackTrace:
org.opentest4j.AssertionFailedError: Locator expected to have text: -1
Received: 25

Call log:
  - Assert "hasText" with timeout 5000ms
  - waiting for locator("#cookies").first()
    9 × locator resolved to <span id="cookies">25</span>
      - unexpected value "25"
	at com.microsoft.playwright.impl.AssertionsBase.expectImpl(AssertionsBase.java:74)
	at com.microsoft.playwright.impl.AssertionsBase.expectImpl(AssertionsBase.java:50)
	at com.microsoft.playwright.impl.AssertionsBase.expectImpl(AssertionsBase.java:42)
	at com.microsoft.playwright.impl.LocatorAssertionsImpl.hasText(LocatorAssertionsImpl.java:295)
	at com.microsoft.playwright.assertions.LocatorAssertions.hasText(LocatorAssertions.java:1980)
	at org.example.cookieclicker.pages.GamePage.checkTheCookieTotal(GamePage.java:63)
	at org.example.cookieclicker.steps.Stepdefs.theCookieCountHasBeenAdjusted(Stepdefs.java:107)
	at ✽.the cookie count has been adjusted(file:///Users/jenny/IdeaProjects/cookie-clicker/src/test/resources/features/SellCookies.feature:10)
]]></failure>
    </testcase>
    <testcase classname="Sell Cookies" name="Heather clicks the cookie button 30 times and sells -1 cookie(s)" time="6.7">
        <failure message="Locator expected to have text: 0.0&#10;Received: -0.25&#10;&#10;Call log:&#10;  - Assert &quot;hasText&quot; with timeout 5000ms&#10;  - waiting for locator(&quot;#money&quot;).first()&#10;    9 × locator resolved to &lt;span id=&quot;money&quot;&gt;-0.25&lt;/span&gt;&#10;      - unexpected value &quot;-0.25&quot;" type="org.opentest4j.AssertionFailedError"><![CDATA[* Open Cookie Clicker App...................................................passed
* Cookies have been cleared.................................................passed
Given Heather starts a game.................................................passed
When the cookie is clicked 30 times.........................................passed
And they sell -1 cookies....................................................passed
Then the cookie count has been adjusted.....................................passed
And Money is now 0.0........................................................failed

StackTrace:
org.opentest4j.AssertionFailedError: Locator expected to have text: 0.0
Received: -0.25

Call log:
  - Assert "hasText" with timeout 5000ms
  - waiting for locator("#money").first()
    9 × locator resolved to <span id="money">-0.25</span>
      - unexpected value "-0.25"
	at com.microsoft.playwright.impl.AssertionsBase.expectImpl(AssertionsBase.java:74)
	at com.microsoft.playwright.impl.AssertionsBase.expectImpl(AssertionsBase.java:50)
	at com.microsoft.playwright.impl.AssertionsBase.expectImpl(AssertionsBase.java:42)
	at com.microsoft.playwright.impl.LocatorAssertionsImpl.hasText(LocatorAssertionsImpl.java:295)
	at com.microsoft.playwright.assertions.LocatorAssertions.hasText(LocatorAssertions.java:1980)
	at org.example.cookieclicker.pages.GamePage.checkTheMoneyTotal(GamePage.java:75)
	at org.example.cookieclicker.steps.Stepdefs.moneyIsNow(Stepdefs.java:112)
	at ✽.Money is now 0.0(file:///Users/jenny/IdeaProjects/cookie-clicker/src/test/resources/features/SellCookies.feature:11)
]]></failure>
    </testcase>
    <testcase classname="Sell Cookies" name="Jason clicks the cookie button 35 times and sells B cookie(s)" time="1.755">
        <failure message="For input string: &quot;B&quot;" type="java.lang.NumberFormatException"><![CDATA[* Open Cookie Clicker App...................................................passed
* Cookies have been cleared.................................................passed
Given Jason starts a game...................................................passed
When the cookie is clicked 35 times.........................................passed
And they sell B cookies.....................................................failed
Then the cookie count has been adjusted.....................................skipped
And Money is now 0.0........................................................skipped

StackTrace:
java.lang.NumberFormatException: For input string: "B"
	at java.base/java.lang.NumberFormatException.forInputString(NumberFormatException.java:67)
	at java.base/java.lang.Integer.parseInt(Integer.java:662)
	at java.base/java.lang.Integer.parseInt(Integer.java:778)
	at org.example.cookieclicker.steps.Stepdefs.theySellCookies(Stepdefs.java:101)
	at ✽.they sell B cookies(file:///Users/jenny/IdeaProjects/cookie-clicker/src/test/resources/features/SellCookies.feature:9)
]]></failure>
    </testcase>
</testsuite>
